<?xml version="1.0" encoding="UTF-8"?>
<testsuite name="BishopTest" tests="4" skipped="0" failures="0" errors="0" timestamp="2021-12-17T18:16:10" hostname="DESKTOP-KSQO8RA" time="0.003">
  <properties/>
  <testcase name="Bishop cant Move trough a piece" classname="BishopTest" time="0.001"/>
  <testcase name="Bishop Move to right up" classname="BishopTest" time="0.001"/>
  <testcase name="Bishop Move to the left up" classname="BishopTest" time="0.0"/>
  <testcase name="Bishop Move to left down" classname="BishopTest" time="0.001"/>
  <system-out><![CDATA[]]></system-out>
  <system-err><![CDATA[]]></system-err>
</testsuite>
