<?xml version="1.0" encoding="UTF-8"?>
<testsuite name="RookTest" tests="3" skipped="0" failures="0" errors="0" timestamp="2021-12-15T21:08:40" hostname="DESKTOP-UO9SN5J" time="0.002">
  <properties/>
  <testcase name="Rook Move left" classname="RookTest" time="0.001"/>
  <testcase name="Rook Move up" classname="RookTest" time="0.0"/>
  <testcase name="Rook cant move trough a piece" classname="RookTest" time="0.0"/>
  <system-out><![CDATA[]]></system-out>
  <system-err><![CDATA[]]></system-err>
</testsuite>
