<?xml version="1.0" encoding="UTF-8"?>
<testsuite name="TestSquare" tests="1" skipped="0" failures="0" errors="0" timestamp="2021-12-28T20:32:12" hostname="DESKTOP-UO9SN5J" time="0.013">
  <properties/>
  <testcase name="add directionNotNull, out of the board returns error" classname="TestSquare" time="0.013"/>
  <system-out><![CDATA[]]></system-out>
  <system-err><![CDATA[]]></system-err>
</testsuite>
