<?xml version="1.0" encoding="UTF-8"?>
<testsuite name="BoardTest" tests="5" skipped="0" failures="0" errors="0" timestamp="2021-12-17T18:16:10" hostname="DESKTOP-KSQO8RA" time="0.035">
  <properties/>
  <testcase name="MakeMove in Board" classname="BoardTest" time="0.023"/>
  <testcase name="Initial position Board" classname="BoardTest" time="0.01"/>
  <testcase name="getKingSquare for white returns the king square" classname="BoardTest" time="0.001"/>
  <testcase name="getPieceAt e1 returns the king" classname="BoardTest" time="0.0"/>
  <testcase name="getKingSquare for black returns the king square" classname="BoardTest" time="0.001"/>
  <system-out><![CDATA[]]></system-out>
  <system-err><![CDATA[]]></system-err>
</testsuite>
