<?xml version="1.0" encoding="UTF-8"?>
<testsuite name="BishopTest" tests="4" skipped="0" failures="0" errors="0" timestamp="2021-12-26T19:35:50" hostname="DESKTOP-UO9SN5J" time="0.013">
  <properties/>
  <testcase name="Bishop cant Move trough a piece" classname="BishopTest" time="0.007"/>
  <testcase name="Bishop Move to right up" classname="BishopTest" time="0.005"/>
  <testcase name="Bishop Move to the left up" classname="BishopTest" time="0.001"/>
  <testcase name="Bishop Move to left down" classname="BishopTest" time="0.0"/>
  <system-out><![CDATA[]]></system-out>
  <system-err><![CDATA[]]></system-err>
</testsuite>
