<?xml version="1.0" encoding="UTF-8"?>
<testsuite name="BoardTest" tests="5" skipped="0" failures="0" errors="0" timestamp="2021-12-26T19:35:50" hostname="DESKTOP-UO9SN5J" time="0.033">
  <properties/>
  <testcase name="MakeMove in Board" classname="BoardTest" time="0.004"/>
  <testcase name="Initial position Board" classname="BoardTest" time="0.027"/>
  <testcase name="getKingSquare for white returns the king square" classname="BoardTest" time="0.001"/>
  <testcase name="getPieceAt e1 returns the king" classname="BoardTest" time="0.001"/>
  <testcase name="getKingSquare for black returns the king square" classname="BoardTest" time="0.0"/>
  <system-out><![CDATA[]]></system-out>
  <system-err><![CDATA[]]></system-err>
</testsuite>
