<?xml version="1.0" encoding="UTF-8"?>
<testsuite name="CommandsTest" tests="3" skipped="0" failures="0" errors="0" timestamp="2021-12-17T18:16:10" hostname="DESKTOP-KSQO8RA" time="0.272">
  <properties/>
  <testcase name="when joining or opening game null name returns an error of type ERROR" classname="CommandsTest" time="0.232"/>
  <testcase name="when joining a game that doesn't exists returns an error of type ERROR" classname="CommandsTest" time="0.039"/>
  <testcase name="when refreshing or getting the moves played without a game opened returns an error of type ERROR" classname="CommandsTest" time="0.001"/>
  <system-out><![CDATA[]]></system-out>
  <system-err><![CDATA[dez. 17, 2021 6:16:10 DA TARDE com.mongodb.diagnostics.logging.Loggers shouldUseSLF4J
WARNING: SLF4J not found on the classpath.  Logging is disabled for the 'org.mongodb.driver' component
]]></system-err>
</testsuite>
