<?xml version="1.0" encoding="UTF-8"?>
<testsuite name="MongoDBTest" tests="1" skipped="0" failures="0" errors="0" timestamp="2021-12-17T18:16:10" hostname="DESKTOP-KSQO8RA" time="0.001">
  <properties/>
  <testcase name="accessing game with id having spaces or being blank throws" classname="MongoDBTest" time="0.001"/>
  <system-out><![CDATA[]]></system-out>
  <system-err><![CDATA[]]></system-err>
</testsuite>
