<?xml version="1.0" encoding="UTF-8"?>
<testsuite name="TestColumn" tests="4" skipped="0" failures="0" errors="0" timestamp="2021-12-17T18:16:10" hostname="DESKTOP-KSQO8RA" time="0.001">
  <properties/>
  <testcase name="Letter to Column with ordinal property" classname="TestColumn" time="0.0"/>
  <testcase name="Get all valid values of Column" classname="TestColumn" time="0.001"/>
  <testcase name="Invalid letter to Column results null" classname="TestColumn" time="0.0"/>
  <testcase name="Int to Column with letter property" classname="TestColumn" time="0.0"/>
  <system-out><![CDATA[]]></system-out>
  <system-err><![CDATA[]]></system-err>
</testsuite>
