<?xml version="1.0" encoding="UTF-8"?>
<testsuite name="TestSquare" tests="6" skipped="0" failures="0" errors="0" timestamp="2021-12-26T19:35:50" hostname="DESKTOP-UO9SN5J" time="0.013">
  <properties/>
  <testcase name="String to Square and use ordinal values" classname="TestSquare" time="0.002"/>
  <testcase name="addDirection returns null when out of board" classname="TestSquare" time="0.0"/>
  <testcase name="addDirection works with sum" classname="TestSquare" time="0.0"/>
  <testcase name="addDirection works with subtraction" classname="TestSquare" time="0.0"/>
  <testcase name="Invalid string to Square results null" classname="TestSquare" time="0.001"/>
  <testcase name="Create a square and convert to string" classname="TestSquare" time="0.007"/>
  <system-out><![CDATA[]]></system-out>
  <system-err><![CDATA[]]></system-err>
</testsuite>
