<?xml version="1.0" encoding="UTF-8"?>
<testsuite name="PawnTest" tests="10" skipped="0" failures="0" errors="0" timestamp="2021-12-18T22:56:00" hostname="DESKTOP-UO9SN5J" time="0.067">
  <properties/>
  <testcase name="Pawn cant move backwards" classname="PawnTest" time="0.056"/>
  <testcase name="Pawn moves 2 squares" classname="PawnTest" time="0.001"/>
  <testcase name="Pawn moves 1 squares black" classname="PawnTest" time="0.001"/>
  <testcase name="Pawn moves 1 squares white" classname="PawnTest" time="0.001"/>
  <testcase name="Pawn that moved 2 squares cant move again 2 squares" classname="PawnTest" time="0.003"/>
  <testcase name="Pawn moves cant move diagonally without a piece to capture " classname="PawnTest" time="0.001"/>
  <testcase name="after a pawn moved 2 squares anothar pawn on the start can do the same" classname="PawnTest" time="0.001"/>
  <testcase name="Pawn cant move to same colored pieces  " classname="PawnTest" time="0.0"/>
  <testcase name="Pawn cant move to right" classname="PawnTest" time="0.0"/>
  <testcase name="Pawn can move diagonally to capture a piece " classname="PawnTest" time="0.0"/>
  <system-out><![CDATA[]]></system-out>
  <system-err><![CDATA[]]></system-err>
</testsuite>
