<?xml version="1.0" encoding="UTF-8"?>
<testsuite name="MongoDBTest" tests="1" skipped="0" failures="0" errors="0" timestamp="2021-12-26T19:35:50" hostname="DESKTOP-UO9SN5J" time="0.0">
  <properties/>
  <testcase name="accessing game with id having spaces or being blank throws" classname="MongoDBTest" time="0.0"/>
  <system-out><![CDATA[]]></system-out>
  <system-err><![CDATA[]]></system-err>
</testsuite>
