<?xml version="1.0" encoding="UTF-8"?>
<testsuite name="BoardTest" tests="3" skipped="0" failures="0" errors="0" timestamp="2021-12-15T21:08:40" hostname="DESKTOP-UO9SN5J" time="0.023">
  <properties/>
  <testcase name="MakeMove in Board" classname="BoardTest" time="0.001"/>
  <testcase name="Initial position Board" classname="BoardTest" time="0.021"/>
  <testcase name="getPieceAt e1 returns the king" classname="BoardTest" time="0.001"/>
  <system-out><![CDATA[]]></system-out>
  <system-err><![CDATA[]]></system-err>
</testsuite>
