<?xml version="1.0" encoding="UTF-8"?>
<testsuite name="KingTest" tests="7" skipped="0" failures="0" errors="0" timestamp="2021-12-15T21:08:40" hostname="DESKTOP-UO9SN5J" time="0.006">
  <properties/>
  <testcase name="King tries to castle right" classname="KingTest" time="0.002"/>
  <testcase name="King Move 1 space up" classname="KingTest" time="0.002"/>
  <testcase name="King tries to move illegally to the side " classname="KingTest" time="0.0"/>
  <testcase name="King cant move 2 spaces" classname="KingTest" time="0.001"/>
  <testcase name="King tries to castle right without the rook" classname="KingTest" time="0.0"/>
  <testcase name="King tries to move illegally " classname="KingTest" time="0.001"/>
  <testcase name="King Move diagonally 1 space" classname="KingTest" time="0.0"/>
  <system-out><![CDATA[as
]]></system-out>
  <system-err><![CDATA[]]></system-err>
</testsuite>
