<?xml version="1.0" encoding="UTF-8"?>
<testsuite name="KingTest" tests="1" skipped="0" failures="0" errors="0" timestamp="2021-12-29T12:56:48" hostname="DESKTOP-FDBTFH4" time="0.032">
  <properties/>
  <testcase name="is king in check" classname="KingTest" time="0.032"/>
  <system-out><![CDATA[]]></system-out>
  <system-err><![CDATA[]]></system-err>
</testsuite>
